-0.033632 0.0054319 -1.52405 -0.120992 -3.02551 -0.0841929 -1.7625 -0.0466087 -0.45337 -0.301623 -0.463369 0.103759 0.0171975 -0.0155324 -9.29542 -0.847907 -2.36496 -13.9808 -0.000722197 -1.81399 -0.590259 -0.000943831 -0.0508399 -0.175735 -0.662629 -1.03707 -0.169437 -2.50475 -0.0309048 0.0341796 -0.71163 0.0096208 -0.23783 -0.128875 -1.27509 0.0417301 -0.100668 0.0774479 -2.17736 -0.00935365 -0.00973868 0.0519864 -0.154452 -0.0247403 2.83034 -2.10144 -1.99318 -0.236009 -0.00597219 -1.54745 -0.0259221 -0.558874 -0.0292064 -2.34033 -0.00319715 -0.15949 -0.0203983 0.0283482 -0.0583754 -0.0091942 
-0.0229282 -0.0837667 0.124501 -0.716066 0.856052 -0.160834 0.144631 -0.272739 0.0695096 0.120709 -0.26315 -0.00249106 -0.0698093 -0.0706316 2.1138 0.387825 -0.100083 3.86097 -0.0124678 0.288915 0.0382333 -0.0191778 -0.0820786 -0.158201 0.268389 0.39119 -0.0253736 0.28462 -0.063726 0.0403759 0.0960806 -0.00231772 -0.151706 -0.0232472 0.606304 -0.126568 -0.0343409 -0.0962022 0.508747 -0.0579514 -0.000684824 0.0172025 -0.0153099 -0.0280478 -1.30519 0.549743 0.379757 -0.292812 -0.0103359 -0.167326 -0.0386186 0.134057 -0.0636911 0.284522 -0.0166091 0.00296738 -0.0292086 -0.127713 -0.110571 -0.0253251 
0.0265556 0.00462321 -0.0915722 0.0371288 0.0376449 0.0795302 -0.159425 -0.0243298 -0.0253326 -0.165903 0.0033419 -0.00706099 0.0327911 -0.00616429 -0.0662449 0.0203236 -0.306332 -0.198824 0.00221459 -0.00553687 -0.00296104 -0.00693942 0.0104309 0.00446293 -0.000556197 -0.15678 0.0863239 0.113711 0.0472215 -0.0063552 -0.0505242 0.0162241 -0.197328 0.013696 0.0588456 -0.00693043 0.00122153 -0.0124828 -0.0505843 -0.030317 0.000482018 -0.0218129 0.060476 0.0144393 -0.601221 -0.00489059 0.0388367 -0.175254 0.00599335 -0.0916056 0.0117878 -0.00714473 0.00293647 -0.170539 -0.00305923 0.0667597 0.0100953 0.0392294 0.0213911 0.0115002 
-0.12864 -0.109577 0.594291 -1.12236 -0.330072 -0.233673 0.297725 -0.440652 0.184157 -0.541253 -0.344765 -0.220754 0.0146448 -0.108706 -1.43529 -0.688049 0.0833696 0.0148389 -0.0223767 -0.965798 0.087553 -0.0451247 -0.112913 -0.174449 -0.548178 -0.220694 -0.338866 -0.351409 -0.180464 -0.142006 -0.643127 -0.0773165 0.149345 -0.174538 -0.470684 -0.130376 -0.218111 0.334319 -0.0733445 -0.0343651 -0.011646 0.0641694 -0.492068 -0.092275 -0.900727 -0.685901 -0.103309 -0.60592 -0.01393 0.347393 -0.0641522 -0.422822 -0.0778169 0.140454 -0.00509615 -0.0572247 -0.0587955 -0.00547006 -0.129549 -0.0470126 
-0.124291 -0.306032 -0.205533 -0.293648 -0.337386 -0.0349972 0.0417459 -0.74545 -0.142515 -0.0775406 -0.275791 -0.644271 -0.321166 -0.136292 -1.44204 -0.799046 0.137585 0.0602869 -0.0108392 -0.097196 -0.0685366 -0.0755904 -0.144664 0.0160243 -0.641427 -0.531209 -0.361456 0.0777554 -0.111981 -0.0641925 0.232877 -0.0318395 -0.484465 -0.00552746 -0.238145 -0.113816 -0.256484 -0.234065 -0.0839863 -0.103736 -0.00205404 -0.155381 -0.474899 -0.0912881 -0.755834 -0.865186 -0.542766 -0.686393 -0.0117104 0.0739031 -0.0626807 -0.412071 -0.103463 -0.823614 -0.0282763 0.107369 -0.067569 -0.0427476 -0.167243 -0.0460252 
-0.0407462 -0.197826 -0.226234 0.159396 0.0785405 0.089829 -0.226184 -0.00926457 -0.222882 -0.19971 0.171084 -0.157036 -0.0459614 -0.15507 -1.96099 -0.944953 -0.0157211 0.172258 -0.0115988 -1.16397 -0.0718856 -0.0984483 -0.0954869 -0.118449 -0.58398 -0.654868 -0.604486 -0.109963 -0.0719278 -0.213755 -0.450318 -0.101034 -0.312888 -0.291388 -1.43767 -0.124635 -0.237634 0.106598 -0.237628 -0.25839 -0.0121144 -0.0458933 0.16943 -0.0147955 -0.507003 -1.09183 0.275415 -0.698114 -0.00622163 -0.0187073 -0.0406763 -0.0692776 -0.0756764 -1.09171 -0.0148207 -0.166593 -0.0644776 0.121983 -0.112371 -0.0202377 
-0.080035 -0.170634 -0.22686 -0.18161 -0.056596 -0.329419 -0.0564445 0.129534 -0.348052 -0.485114 -0.229737 -0.388946 0.0113308 -0.127691 -1.99017 -0.863877 -0.216144 0.205651 -0.0155764 -0.696596 0.231528 -0.078789 -0.0902798 0.0402968 -0.769555 -0.18106 -0.524477 -0.486951 -0.0742355 0.0265476 0.174606 -0.025487 -0.408079 -0.0632929 -1.26296 -0.0188221 -0.235269 -0.214592 -0.144314 -0.176308 -0.0104195 -0.245092 -0.00863811 -0.0824524 -0.470748 -1.45274 0.378271 -0.760331 -0.0091301 -0.0614562 -0.0435015 -0.112847 -0.0633748 -0.480019 0.00206767 -0.224982 -0.0695132 -0.130717 -0.105584 -0.0300658 
-0.130172 -0.000641568 0.163716 -0.0458392 -0.0134193 -0.0825052 0.0703727 -0.116556 0.0946479 -0.469502 -0.35313 0.127776 -0.0220199 -0.166539 -1.56295 -0.757568 0.0953878 -0.0562577 -0.0150433 -0.558213 -0.015041 -0.0741091 -0.104797 0.143768 -0.698998 -0.171178 -0.501357 -0.232058 -0.155218 -0.072575 -0.402285 0.0157472 0.143046 -0.149071 -0.921659 -0.0525037 -0.247515 -0.498969 -0.133603 -0.103583 -0.0118411 -0.0588211 -0.235741 -0.0912849 -0.549493 -0.755555 0.0460262 -0.884621 -0.00560393 0.0864713 -0.0544524 -0.639436 -0.0731563 -0.699764 -0.000367081 -0.111274 -0.055731 -0.231234 -0.142101 -0.0289992 
-0.125973 -0.00103518 -0.269577 -0.113015 -0.117119 -0.0926716 0.120602 -0.205962 -0.130901 -0.126145 -0.195765 0.450642 -0.156835 -0.174456 -1.7349 -1.35866 0.124338 0.121499 -0.0104018 -0.70768 -0.055648 -0.0356667 -0.0967012 0.131746 -0.572534 -0.532961 -0.46384 -0.215116 -0.130768 0.000704971 0.247523 -0.00613556 -0.319248 0.0536083 -0.748589 -0.12522 -0.32675 0.0980456 0.0150003 -0.101963 -0.00340245 -0.110187 -0.496069 -0.0653288 -0.435407 -0.70181 -0.294304 -0.806821 -0.0067142 -0.00123448 -0.0475696 -0.449154 -0.0700674 -0.746935 -0.0303351 -0.180559 -0.0572446 -0.117509 -0.128372 -0.0264429 
0.0646526 0.0150733 0.402322 -0.18144 -0.464571 -0.0923289 0.0176328 -0.0835004 0.137502 -0.283994 -0.0298319 0.0616449 0.00468909 0.0294606 -0.0464293 0.408186 0.238853 -0.0975064 0.00624127 0.376917 -0.158153 -0.00456556 0.0248955 0.0942867 0.24712 -0.0920351 0.112471 -0.0238773 0.0335202 0.0307585 0.0039874 0.000280488 -0.239591 0.0112712 0.158611 0.0540809 0.112656 -0.00753434 -0.0715514 0.0544733 -0.00152545 0.0381893 0.125204 0.0109657 -0.0367277 0.0756106 -0.0519664 0.0588652 0.00130587 -0.136202 0.000923751 -0.0526812 0.0151559 0.360513 0.00412031 0.0146943 0.013249 -0.110519 0.0517146 0.0162332 
0.0697269 0.0574479 0.569815 -0.106815 -0.372864 -0.0750018 0.102964 0.0244423 0.18534 -0.324549 -0.0740039 0.0599265 -0.0970759 0.00990658 -0.254583 0.541457 0.160704 -0.201933 -0.00283228 0.394462 -0.0995413 -0.00833548 -0.0140046 0.112682 0.158751 -0.125455 0.0900448 0.0496504 -0.0372934 0.0452617 0.0389414 -0.0291381 -0.329046 0.0574832 0.200898 0.0492641 0.0820789 0.0409295 0.163446 0.0513318 0.00470375 0.0541074 0.239314 -0.0339318 -0.0386919 -0.0185213 0.118314 0.0374522 -0.00325125 -0.161447 -0.0118026 -0.0252009 -0.00939797 0.332978 0.0103895 0.0471951 0.0103207 -0.0445401 -0.0146151 -0.0107904 
0.0740935 0.04353 0.432179 -0.048513 -0.134088 -0.0177565 0.22798 0.35553 0.153461 -0.245664 -0.0848839 0.108536 -0.0665997 -0.0237165 -0.230662 0.454007 0.334574 -0.247804 0.00416437 0.373651 -0.11514 0.00223258 0.00202461 0.088032 0.201445 -0.115663 0.111514 0.0617199 -0.0113964 0.0751696 0.0286507 -0.00953779 -0.111195 -0.179906 0.307344 0.042954 0.0765516 0.0882333 0.238584 0.069155 0.00396347 0.0299607 0.430906 0.00365791 -0.00324543 0.0618561 -0.144912 0.00593441 -0.00160525 -0.248332 -0.0015075 -0.124183 0.00457046 0.399644 0.0244855 0.0178847 0.00945265 0.0302727 0.0152475 0.00101586 
0.065302 0.0668779 0.153441 0.00576965 -0.154106 -0.0158662 0.218154 0.474163 0.0400544 -0.0524814 -0.0141835 0.141024 -0.0505212 -0.0721146 -0.17328 0.304592 0.433999 -0.20552 -0.00102641 0.32035 -0.0305553 -0.0427044 0.00963173 0.0408996 0.222709 -0.13775 0.110281 0.0216883 0.0338638 0.0260413 -0.086441 0.00957649 0.0507348 -0.237035 0.348266 -0.0177838 0.0657083 0.122965 0.187079 0.0410571 0.0078107 -0.0195842 0.623957 -0.0381934 0.0333068 0.115223 -0.0941774 0.0274992 -0.00143623 -0.0917244 -9.28958e-05 -0.21213 0.00427669 0.144442 0.00426537 0.0169437 0.00267381 0.0370607 0.0124289 -0.00580269 
0.0304986 -0.0141666 0.0327172 0.127524 0.027624 0.0279037 0.276431 0.227963 0.0729673 0.160053 -0.0233057 0.0102367 -0.0266215 -0.0167577 0.0559046 0.044952 0.304836 -0.238367 0.00262895 0.176686 0.108951 -0.00899951 0.0297347 -0.018535 0.219708 -0.196706 0.0619251 0.00407816 0.0546451 0.0181434 -0.0238635 0.0364742 0.120587 -0.145226 0.171837 0.00386022 0.0578552 0.0124507 -0.0360578 0.0193379 0.00329897 0.0636761 0.282257 -0.010873 -0.0107703 0.174597 -0.193154 0.0034391 0.00115368 0.0678952 -0.00204088 -0.189967 0.0191427 0.0946692 -0.00421411 -0.0647201 0.00172733 0.0792062 0.0266038 0.00398715 
-0.0340499 0.00920579 0.021388 -0.144758 0.0400595 -0.0175678 0.0376847 -0.0859623 0.0876759 0.0340091 -0.162968 -0.0129483 0.048049 0.0242088 -0.0697881 -0.000170514 0.395697 -0.133753 0.004548 0.152634 0.0686082 0.0102435 -0.00984422 -0.156244 0.216396 -0.063872 0.129631 -0.244159 0.0640459 0.0424123 -0.340566 0.0374911 0.0217275 -0.101342 0.259698 -0.0343509 0.0790254 -0.119094 -0.0378533 0.0220081 0.00131781 0.00356266 0.247112 -0.000347788 -0.0417036 0.241301 -0.0739835 0.0112296 0.00232819 0.0825445 -0.010827 -0.0746626 -0.00939246 0.197492 -0.00713692 -0.0195801 0.00474003 -0.051519 -0.0248692 -0.00467936 
0.0495788 -0.0103713 -0.0845985 0.218372 -0.455454 -0.0415463 -0.173164 -0.1202 -0.0491154 -0.341142 0.0113894 -0.0590242 0.0258636 -0.000230294 -0.297281 0.35321 0.479925 -0.00940726 -0.00236808 0.222955 -0.367109 -0.00850308 0.022136 -0.0927099 0.277504 -0.115123 0.0829567 -0.00420161 0.0503285 -0.023665 0.18267 0.0423118 0.0250712 -0.31129 0.259568 -0.0339806 0.0804479 0.148347 0.104787 0.0169993 0.0043371 0.066982 -0.124477 0.0524256 -0.0710818 -0.094434 -0.0905996 -0.0178551 0.000134731 -0.0687118 0.0101763 0.122729 0.0188051 0.366114 -0.00456495 0.116229 0.0155105 -0.04305 0.0290539 0.0164958 
0.0357182 0.0741714 0.180763 0.077589 -0.0260859 -0.134408 -0.0424453 0.0909985 0.0788274 -0.28891 -0.11789 0.0171956 0.0579983 0.117726 -0.302662 0.432542 0.380827 -0.250715 0.00633293 0.268197 -0.0680999 0.0906306 0.0211448 -0.123072 0.162441 0.0186462 0.0439207 0.210261 0.054067 0.0652485 0.189559 0.0104952 -0.0732958 -0.144273 0.279938 0.017799 0.0755411 0.0250366 -0.168886 -0.0184469 -9.02324e-05 0.0244693 0.133169 0.0399403 0.175919 -0.0414401 0.0427206 0.0944135 -0.000666976 0.258145 0.0156429 0.0500514 0.0171275 0.086318 0.000962204 0.224436 0.0273196 0.0369921 0.0217592 0.00961113 
0.0293131 0.0318806 -0.000106388 0.155211 -0.188826 -0.0636444 -0.339294 0.0801839 -0.0421208 -0.228774 -0.295001 0.0417548 0.0718263 0.0847343 -0.415808 0.337623 0.252895 0.0794061 -0.00490671 0.322656 0.0133362 0.0152681 -0.0125931 -0.05452 0.212587 0.0844871 0.0297321 -0.164365 0.0107051 0.125395 -0.0325287 -0.0329546 0.235283 -0.131664 0.178517 -0.00935916 0.0387262 -0.0403569 -0.473254 0.035077 0.000638957 0.00830048 0.198587 -0.00896321 0.090997 -0.155809 -0.133291 0.0699215 -0.00326928 0.184975 -0.00334429 0.0709087 -0.00807814 0.132367 0.0161768 -0.193926 0.00933799 -0.0153151 -0.00655101 0.0064222 
0.0479047 0.0283916 0.135697 0.0627742 -0.148703 -0.0836207 -0.0890166 0.278036 0.0589039 0.0738463 -0.162552 0.0530361 -0.0220084 0.0449033 -0.298521 -0.081812 0.155679 -0.0787343 -0.00291533 0.173686 0.226407 -0.00100976 0.00634442 -0.0426041 0.161724 0.0287954 0.155195 0.0624653 -0.0122139 0.0796526 -0.099238 0.0124855 0.0527888 -0.149757 0.22076 -0.0285184 0.00454705 -0.0286606 0.098514 -0.0035419 -0.00624172 0.0145953 0.194194 -0.0118433 0.11716 -0.0800119 -0.412699 0.0587005 0.0074549 0.119515 -0.00568003 0.0226979 -0.00241574 0.129964 0.000184216 -0.0409343 0.00704595 0.0782589 0.00731891 0.00340885 
0.0558785 -0.0781038 0.0505176 0.0193281 0.0410148 -0.0530871 -0.264797 -0.048227 0.188177 0.0992792 -0.0794155 -0.146668 0.0515438 0.0245566 -0.0333275 -0.195606 0.285987 -0.0634375 0.00226139 0.0888664 0.174323 -0.0115664 0.00607695 -0.120165 0.199368 0.122744 0.0281447 -0.313879 0.0335732 0.0666152 -0.508006 0.0120888 -0.0728188 -0.0279731 0.132671 0.0164373 0.0295769 -0.117328 0.10518 0.0501598 -0.00552554 0.140028 -0.0148475 0.00163149 0.142531 0.0362286 -0.463009 0.0673706 -0.00236172 0.0508346 0.0153444 -0.162356 0.00283541 0.126445 -0.00455577 -0.377217 0.00305311 -0.0456859 0.012074 0.0050117 
-0.0145088 -0.0170731 -0.137482 0.555635 0.133692 -0.0269937 0.0144755 0.0738718 0.130512 0.460175 -0.101859 0.0445224 0.0294172 -0.0059618 -0.0595402 -0.091216 0.358544 -0.168971 -0.00431284 0.0994889 0.133108 -0.00249555 0.00288598 -0.261469 0.187318 -0.0493048 0.0360973 -0.212247 0.0421881 -0.00375191 -0.297202 -0.000254402 -0.0192634 -0.036262 0.14984 -0.0349878 0.0554898 -0.0355052 0.0183759 0.00412121 0.00204615 0.0609324 0.239116 -0.0151861 0.0626967 0.0784545 -0.0153981 -0.0432295 0.00446951 0.102106 -0.00590071 -0.107259 0.00482248 0.0946393 -0.00376189 -0.0951913 -0.00616894 -0.066341 -0.000534845 0.00843873 
0.0344353 -0.0148581 0.103281 0.465991 -0.547698 -0.167403 0.113072 -0.0309496 0.0863931 -0.112162 0.10687 -0.0908702 0.0608018 -0.0344658 -0.12707 0.455461 0.286597 -0.17085 0.0024554 0.272224 -0.24033 0.00366903 0.027093 0.0591901 0.244998 -0.0547949 0.127715 0.0139338 0.112241 -0.0385081 0.120058 0.027162 -0.303161 0.0324888 0.269596 -0.0345163 0.0929361 -0.0117021 0.305975 0.0411803 0.00433843 -0.0602651 -0.150514 0.0195288 -0.0136268 -0.0881229 0.0839021 0.0169066 0.00681598 0.030597 0.0140963 0.286924 0.0184067 0.0932159 -0.00225949 -0.119047 0.00909645 0.0535291 0.0310452 0.00971303 
0.0460432 0.0246915 0.0597031 0.231226 -0.131863 0.118626 0.134594 -0.0187365 0.26296 -0.020388 0.0220194 0.0394463 0.0269262 0.0498889 -0.371899 0.530666 0.11531 -0.0730554 0.00144892 0.161282 -0.0682988 0.0455193 -0.0135532 0.102837 0.0879281 -0.0742749 0.0318657 -0.037072 0.0484979 0.00307554 0.226678 0.0131997 -0.130922 -0.00578467 0.221744 -0.0211928 0.0596391 0.184455 -0.409766 -0.0132273 -0.00245048 0.0330283 0.0755071 0.0206018 0.159483 -0.313294 -0.0830307 0.0896357 0.00192766 0.0496217 0.00132373 0.182499 -0.0155268 -0.0772735 -0.00799281 -0.0956569 0.00424044 0.175537 -0.0205578 -0.00205828 
0.0418239 -0.0185422 -0.0299481 0.0957692 -0.197012 0.105086 0.0706044 0.184377 0.0734624 0.0846041 -0.363529 0.0172026 -0.0402033 0.0203227 -0.328729 0.484028 0.107892 -0.0542132 0.00381418 0.234375 0.0651569 -0.00652606 -0.00838844 0.274261 0.114724 -0.0938951 0.0866923 -0.324958 0.0501487 -0.0929362 -0.0478033 -0.0131594 -0.126366 -0.0544201 0.374723 -0.0530257 0.0282447 0.121705 -0.923952 -0.00279446 0.00107244 0.0113434 0.0845672 0.0242324 -0.0835929 -0.320549 -0.169138 0.0597136 0.000130648 0.145084 -0.0057325 0.0485417 -0.00618253 0.0677514 0.025091 -0.327655 0.0183646 0.0494991 -0.0159707 0.00908649 
0.00190931 -0.0220792 0.169335 0.0597004 -0.107579 -0.14063 -0.281522 0.00187337 0.306855 0.109004 -0.363814 0.0669748 -0.112246 -0.0574671 -0.435355 0.18434 0.0572314 -0.0674557 -0.000213374 0.097919 0.0440595 -0.0169752 0.00549963 0.311309 0.0632044 0.145573 0.126572 -0.155052 0.0190019 0.0615892 -0.137849 0.00473353 0.0209043 0.0664081 0.3726 -0.0508301 -0.00722262 0.058124 -0.149306 -0.0385819 0.00437558 0.0172285 0.091039 -0.00464652 -0.0976037 -0.000729042 -0.0148362 -0.120477 -0.00251838 0.107594 -0.00891626 -0.0166846 0.00469258 -0.116732 -0.0133591 -0.022552 0.010843 -0.0445713 0.00921899 -0.00282459 
0.00260597 -0.0370779 0.0940082 0.16481 -0.0512824 0.0818287 -0.326786 -0.00980246 0.148054 0.169707 -0.25616 0.0278113 -0.00689304 0.00321829 -0.507142 -0.329269 0.09953 -0.0191665 0.00796946 -0.157216 -0.065365 -0.0174124 0.0355211 -0.000490208 0.188049 0.129803 0.0399025 -0.253442 0.0877388 0.0766717 -0.0781369 0.00258771 -0.0234386 0.0725954 0.184548 -0.0173935 0.0137725 -0.0243833 0.0969906 0.0079458 0.00202647 -0.030421 -0.0457046 0.0320092 0.167585 0.176201 -0.103438 0.0499234 0.00709063 -0.134385 0.0225023 -0.135121 0.0236775 0.108511 -0.0171865 -0.170303 0.0139618 -0.0789151 0.034066 0.0104686 
-0.00664304 -0.0422546 0.106297 0.54443 0.0310874 -0.0825365 0.274913 -0.149914 0.247336 0.250596 -0.135382 0.0281339 0.0321029 -0.0629193 -0.282953 -0.168131 0.107923 -0.135758 0.00396278 -0.132164 -0.00140701 -0.0271798 0.00972445 -0.259859 0.139994 0.220327 0.0224254 -0.431536 0.0536788 -0.0619776 -0.262535 -0.00615667 0.15454 0.124137 0.154986 -0.0514176 0.0520962 0.0976148 0.044366 0.00902734 -0.00467094 0.0326967 -0.00323455 0.0202825 0.105548 0.127502 0.0720752 0.0236219 0.00123277 0.0922898 0.0104396 -0.158138 0.0089933 -0.112537 -0.0188492 -0.120387 -0.00939419 -0.00243382 0.0106443 0.00850032 
0.0288251 -0.0689302 -0.185412 0.46434 -0.411741 -0.113733 -0.00539606 0.118932 -0.0239712 -0.0188795 0.216691 -0.0702718 0.0216277 -0.0491029 0.0297421 0.393225 0.316225 -0.123883 0.00302363 0.277194 0.0988869 -0.012411 0.00435873 -0.155415 0.0591053 0.265515 0.11138 -0.112513 0.019998 -0.0628593 0.127783 0.0363518 -0.470262 -0.0314804 0.248205 -0.0617304 0.0987269 0.0626034 0.224666 0.0192777 -0.00292243 -0.0410576 -0.179647 -0.0293512 -0.0529236 -0.0888998 -0.0470699 -0.0694753 -2.00208e-05 0.0931906 -0.0018601 0.69595 0.00358791 0.0230498 -0.0193987 -0.00920885 0.00478626 0.299756 -0.00775593 -0.00902696 
-0.00819529 -0.0388423 -0.188827 0.179506 -0.123113 0.0259894 0.0251674 0.0409586 0.0503724 0.0775937 0.0679918 0.0371469 0.0225636 -0.0311746 -0.0916222 0.510598 0.218011 -0.0617242 -0.00815694 0.1033 0.313988 0.0133871 -0.0055659 -0.286314 -0.0671313 0.148993 0.0472743 -0.00731756 -0.0100476 0.0179126 0.212039 -0.00716981 -0.0154078 -0.0273187 0.167146 -0.0328619 0.0574495 0.0180166 -0.130794 0.00913696 0.00371077 0.14061 0.140001 -0.00832441 0.0440111 -0.303625 -0.438843 0.133157 0.000733496 -0.0320668 0.00749773 0.25241 -0.00671656 0.0372208 -0.000183013 0.0340459 0.00173833 0.0740539 -0.0130601 0.00572877 
0.0466748 0.0243935 0.138586 0.0973201 -0.194662 0.10859 0.01407 0.112446 0.174329 0.0583106 -0.274019 0.000988605 -0.0782078 0.00485535 -0.296334 0.313547 0.0721625 -0.0501574 0.00194735 0.117583 0.0569361 -0.0130755 -0.00697106 -0.186726 0.0234728 -0.0418473 0.0791456 -0.0686441 -0.00948139 -0.136815 0.177412 -0.0144434 -0.00296848 0.0645321 0.425018 -0.0751156 0.029061 -0.0085982 -0.316611 0.00036966 0.00381367 -0.0573721 -0.098345 0.00088664 -0.0992935 -0.116238 -0.17844 0.113696 0.00451777 -0.348932 0.0111017 0.0751064 -0.00256097 0.162662 0.0192111 0.0494012 0.0140237 -0.0590356 -0.0091416 0.00383815 
-0.0277454 -0.0117704 0.0162802 -0.00676298 0.151872 0.0565749 -0.176873 -0.0202877 0.296882 0.128829 -0.217191 0.0966385 -0.0845402 0.0388089 -0.548512 0.19287 0.025334 -0.0899933 -0.00208691 0.000416866 0.204065 0.0280946 -0.0234463 -0.0860646 -0.0337321 0.081559 -0.0405561 -0.27867 -0.0679686 0.0492123 -0.0350576 0.00188208 0.0330139 0.198777 0.271228 -0.0739989 -0.0203372 -0.0139728 -0.0590342 -0.0271239 0.00421166 -0.0502229 0.0375303 -0.00104686 -0.124175 0.29969 -0.00142041 0.0594256 -0.000178996 -0.336993 -0.000163887 0.1188 -0.0108434 0.153725 -0.004627 0.245327 0.00673707 -0.0418136 -0.0358574 -0.00582689 
-0.0234047 -0.00831814 0.191637 0.0704161 -0.226661 0.184249 -0.540935 -0.0611241 0.142793 0.177389 -0.054383 0.0331977 -0.0331109 0.00525615 -0.159653 -0.257623 0.206829 -0.137922 -0.00719578 -0.173666 -0.0119156 0.0126946 -0.0289295 -0.0221592 0.180942 0.205193 0.0463419 -0.272561 -0.0086709 0.065182 0.0285806 -0.0032115 0.0312805 0.0757345 0.0681403 -0.0374396 8.85126e-05 0.0955556 -0.00857711 0.02221 0.0034204 0.104872 -0.00650038 -0.027833 0.0916124 0.379686 0.237828 0.281279 0.00338771 0.0528592 -0.0165841 -0.025951 -0.0139027 0.198938 0.00360223 0.194532 -0.00516037 -0.161673 -0.0242936 -0.0127512 
-0.0205714 -0.0455846 -0.047118 0.133925 0.183233 -0.0881809 0.160408 -0.152645 0.145655 0.325763 0.0529985 0.0348386 0.000476763 -0.0468938 -0.0970194 -0.112373 0.279006 -0.186374 -0.000434455 -0.0788772 -0.172298 -0.0294205 -0.000957026 -0.245997 0.141227 0.321957 0.0350157 -0.750909 0.0293334 -0.0845443 -0.0518818 -0.0101227 -0.0278609 0.253364 0.0365148 -0.0437442 0.0456355 -0.00063462 0.0225077 0.0126358 0.00155118 -0.0349737 0.186181 0.0473238 0.0732454 0.466502 0.0691936 0.115701 0.00171454 0.1831 0.0132578 -0.170741 0.000363989 0.0677504 -0.0108688 -0.0245931 0.00180136 -0.0480551 0.00134844 0.0201788 
0.0142087 -0.0160537 -0.00945465 -0.0270819 -0.194133 -0.0207335 0.189691 0.212949 0.140695 0.150521 0.0939825 -0.0512785 0.158883 0.046557 0.0757747 0.440538 0.112136 -0.0735815 0.00525729 0.148649 0.0295518 0.016768 0.0130791 0.0950202 0.0751779 0.2417 0.11822 -0.0733343 -0.0235838 0.0192292 0.205914 0.0528793 -0.128884 0.0306499 0.240965 -0.0682469 0.0866275 0.125403 -0.0763433 0.0122952 0.00367098 0.0966454 -0.130732 -0.0148717 0.00685235 0.066983 -0.0848104 -0.0490749 -0.00321997 0.121532 -0.00454622 0.0897005 0.00947716 -0.115326 0.00462196 0.0360346 0.0031089 0.411907 -0.00185208 -0.0110356 
0.0490181 0.0591752 -0.0201162 -0.00761495 -0.204109 0.255938 0.162247 0.0422721 0.185212 -0.0288645 0.064699 -0.152728 -0.0406789 0.102169 -0.0768392 0.448906 0.228274 -0.167051 -0.00432664 -0.0744371 0.214626 0.0491968 -0.00624776 0.153288 -0.0463015 0.215765 0.0275456 -0.297309 -0.0256927 0.0191365 0.0919302 0.0192533 -0.0376481 0.0999541 0.105369 -0.0038351 0.0531518 0.076922 -0.0497874 0.00719073 0.00033283 0.0955485 -0.0331157 0.0183973 0.124365 -0.00439309 -0.0990498 0.111084 0.00392081 -0.288095 0.000167207 0.134488 -0.00623616 0.0536535 -0.00114353 -0.216951 -0.00126569 0.0279375 -0.00369259 -0.00339717 
-0.054727 -0.0373091 0.151456 -0.021265 0.0639666 -0.101811 0.207448 0.0800061 0.0379381 0.102579 -0.156325 0.0996011 0.0179242 0.0175679 -0.17245 0.283716 0.193115 -0.101125 -0.00450453 -0.115812 0.00690712 0.00518912 -0.00418866 0.0583228 -0.0284084 0.0669025 0.0510614 -0.0687646 -0.0742937 -0.0707448 0.110033 -0.00468913 0.0816679 0.188758 0.122655 -0.0476864 0.0426623 -0.0898752 -0.0782292 0.0178476 -0.00150578 0.0386072 0.0230219 -0.000379895 0.0912672 0.0687761 -0.232303 0.180013 0.00675581 -0.637977 -0.0119373 -0.0718632 -0.00147942 -0.0460236 0.00818621 -0.105663 0.0150091 0.02535 -0.012667 0.00235377 
-0.0225113 -0.0343531 0.111914 0.00610313 0.0899339 0.103293 0.0245212 -0.047261 0.204549 -0.0824586 -0.140961 0.0416005 0.00457777 -0.0332452 -0.206176 0.223352 0.0762394 -0.128583 -0.0055887 -0.0442859 0.0636643 0.0125916 -0.0481897 0.119019 0.0354672 0.0971835 0.00718225 -0.0647845 -0.088261 0.0508892 0.305859 0.0236843 0.0324475 -0.0144465 0.174186 -0.0230353 -0.00143864 -0.0657002 -0.19622 0.0315729 0.00213331 0.0313405 0.0790399 -0.00289005 0.102785 0.478891 0.0740367 0.186839 -0.00313398 -0.155371 -0.0115618 0.166902 -0.0383258 0.0424793 -0.00627427 0.3071 -0.00634784 -0.0606686 -0.0589596 -0.0133919 
0.0350541 -0.0450768 0.0962781 0.0882816 -0.0725369 -0.21128 -0.121556 -0.0434628 0.305179 0.172083 -0.0460647 -0.187852 0.127164 0.0389753 -0.18538 -0.0043464 0.204442 -0.0950313 -0.00096135 -0.0205886 -0.306559 0.0132891 -0.000661546 0.120973 0.099306 -0.0367984 -0.0491559 0.0343054 -0.00814228 0.126116 0.200279 0.0377983 0.0653005 0.101406 0.082313 -0.00811298 0.00867275 -0.00729907 -0.0314873 -0.005823 -0.00573318 0.221917 -0.124155 0.0258938 0.252293 0.377344 0.257847 0.256083 0.00108394 -0.0528329 -0.00604429 -0.15692 -0.000745294 -0.0270622 -0.00997411 0.293925 -0.00684574 0.0400875 0.000823417 0.000592327 
-0.0427093 0.0242101 0.075721 0.0534497 -0.0481654 -0.051919 0.1422 -0.124031 0.170165 -0.0713236 0.102354 -0.0110411 0.0546876 0.00740732 0.0743029 -0.0349309 -0.00484041 -0.148311 0.00107122 0.0545181 -0.177303 -0.00343219 -0.00506007 -0.1084 0.135031 0.121179 0.0172879 -0.527471 0.0483565 -0.0325508 0.274384 0.0102606 -0.0924025 0.137486 0.011744 -0.0422332 0.0506539 0.0850614 0.0309416 -0.000779287 0.00858307 -0.0185027 0.0196702 0.0447014 0.110279 0.423837 0.0142185 0.237944 -0.00281321 0.178713 0.0102335 -0.155864 0.00143502 0.0495019 -0.00945112 -0.0512041 -0.00347492 0.0761692 -0.0107148 0.0137063 
-0.023595 0.0157506 -0.293686 0.0369616 0.0032916 -0.0446567 -0.0899639 0.259469 0.147564 0.0046666 0.26606 0.149115 -0.0548852 -0.0494082 0.278265 0.195967 0.279522 -0.18302 0.000441808 0.149327 0.161966 -0.0344498 0.0142857 -0.00190236 0.029015 0.579157 0.193096 0.0562244 -0.00918448 -0.00842826 -0.166285 -0.0177983 0.118058 0.0265956 0.314751 -0.0573664 0.0961127 0.0949405 -0.145162 0.043864 0.00906261 -0.0363054 -0.164834 -0.0201988 -0.0204702 -0.00777724 0.00658856 -0.0409076 -0.000656817 0.00452225 -0.00124133 0.449537 0.0144391 -0.084556 -0.00361872 0.075039 0.00118144 0.0189091 0.0242847 -0.007428 
-0.0241735 0.0107265 -0.0615242 -0.0290854 0.0338201 0.104203 0.0968225 0.199978 0.172856 -0.0292793 0.175512 0.28468 -0.146068 -0.0107536 0.101135 0.414844 0.22146 -0.138776 -0.0014472 0.0280582 0.106994 0.00375825 0.00475792 0.169238 0.0490674 0.306667 0.084309 -0.0938545 -0.0340435 0.0577879 -0.0176753 0.00677408 0.173433 0.100217 0.306394 -0.0446488 0.0693371 -0.057996 -0.00162063 0.0427922 -0.00437168 0.142556 -0.0815598 -0.00149517 0.0547599 0.128362 -0.0746019 0.0528793 0.00148302 -0.113306 -0.00679338 0.0950129 -2.61173e-05 -0.0551146 0.00130037 0.094 -0.00839599 0.0102721 0.00366383 -0.000819334 
-0.0377871 -0.0025273 -0.280569 0.00167863 0.0556919 0.0537038 -0.0762285 0.131356 0.189957 -0.0602368 0.0647371 0.0986092 -0.070976 0.00787406 0.03891 0.332099 0.258229 -0.183263 0.000627908 0.0525442 -0.0250441 -0.0184442 0.00776019 0.248865 0.0829062 0.498423 0.11495 0.0884962 -0.0291464 0.0287709 -0.0443592 0.00504553 0.278679 0.0500757 0.252447 -0.0354729 0.0705142 -0.0342849 0.0439089 0.0487605 0.00087297 -0.0437336 -0.114381 -0.00193995 0.0979555 0.179929 -0.36767 0.118907 -0.00375491 0.314927 -0.00150971 0.238925 0.00232771 -0.0562062 0.0259298 -0.0409284 -0.00238825 -0.209166 0.0118193 0.00200474 
-0.031515 0.0160435 -0.00927046 0.00367949 0.0959382 -0.0664848 0.099392 0.00521748 -0.0708545 -0.00540575 0.1737 0.0566713 -0.00404858 -0.0149047 -0.105153 0.124438 0.296048 -0.144248 0.0039065 0.00192759 -0.142283 0.00361794 -0.0061272 0.0172675 0.0954337 0.378597 0.0781105 -0.12767 -0.0588785 0.038779 0.420595 0.0118723 0.405665 -0.0684855 0.231744 -0.0415745 0.0364588 -0.0769501 -0.10179 0.0262195 -0.00143157 -0.0501066 0.119731 0.00798661 0.115347 0.485191 -0.251652 0.158071 0.000998247 0.0693844 -0.00736579 0.242186 -0.00613637 -0.0856872 0.00917613 -0.040589 0.00647519 -0.116308 -0.0132571 0.00450636 
-0.0401914 0.0129303 0.0529424 -0.108636 0.350655 -0.073756 -0.164279 0.0229258 0.0589023 -0.06094 -0.00151967 0.0642368 0.0553013 -0.0150483 0.106448 0.0106857 0.262654 -0.0767009 -0.00499558 0.0133643 -0.415971 0.0129884 -0.00713075 -0.0055495 0.0914919 0.0231218 0.0964228 -0.293197 0.000629891 0.135081 -0.30071 0.0296864 0.425901 -0.0186557 0.186879 -0.0215154 0.0622925 -0.115484 -0.192709 0.0552149 -0.00338409 0.0258303 -0.12875 -0.012805 0.103073 0.428092 -0.202412 0.29506 -0.00219767 0.106912 0.00623591 0.133521 -0.00513483 -0.109041 0.00479184 0.0630095 0.0104768 -0.0973837 -0.0121513 0.00149026 
-0.0335448 0.0348338 0.0674364 -0.0282708 0.284665 -0.108496 0.0446181 0.0273039 0.300815 0.189371 0.0986508 0.12511 0.123169 -0.0148492 0.140076 0.00977592 0.172213 -0.122434 0.00532436 0.0454325 -0.342909 0.0050765 -0.0125458 0.035978 0.0927549 0.0767448 0.0465866 -0.50497 0.0502814 -0.0314981 0.420727 0.0233016 0.182385 0.265805 0.156352 -0.030043 0.0653768 0.0247258 0.101373 0.0299505 -0.000395186 -0.101104 -0.101823 0.0329261 -0.0289551 0.484555 -0.361275 0.178877 0.00521476 0.0425155 0.00153484 -0.210712 -0.00575609 -0.21757 -0.00251754 0.0611445 -0.00515718 0.0143931 -0.0222956 0.00799804 

-0.262826 
-0.211572 
0.252244 
-1.21108 
0.269866 
0.412177 
0.306348 
-0.920497 
0.272277 
0.274051 
0.146278 
-0.310717 
-0.275485 
-0.234039 
-0.320125 
-0.0735192 
0.397442 
1.03769 
-0.00283449 
-0.41231 
0.199625 
-0.114793 
0.0254528 
0.107858 
0.122359 
0.193055 
0.375566 
0.202304 
-0.187228 
-0.312779 
0.231545 
-0.0947738 
0.405694 
0.2921 
-0.118989 
0.10458 
0.0693555 
-0.248142 
0.238571 
0.0903713 
-0.00800605 
-0.3231 
0.35206 
-0.132129 
-1.50742 
-0.0485298 
0.234748 
-0.369855 
0.00615213 
0.259498 
-0.0640519 
0.271015 
0.0226683 
0.102122 
-0.0555592 
0.18296 
-0.126703 
-0.208006 
0.0725606 
-0.0468444 


-0.0174424 -0.0438193 -0.0373762 -0.417395 0.492542 -0.0433016 0.0597978 -0.169673 -0.227241 0.0155073 -0.03411 -0.0316994 -0.0139339 -0.0452989 1.09192 -0.103385 -0.57508 1.87152 -0.0113831 -0.0893998 0.063279 -0.00753152 -0.0353417 -0.0803935 -0.0567124 0.00378887 -0.124958 0.312818 -0.0439743 -0.00527544 -0.0562837 -0.00744096 -0.0979424 -0.0369362 -0.113681 -0.0230054 -0.0849086 -0.0731694 0.294973 -0.0626554 -0.00659226 -0.0268834 -0.0619786 -0.0232 -0.589964 0.0140445 0.373572 -0.201097 -0.00313303 -0.0857 -0.0129388 0.00176757 -0.0282024 -0.00790251 -0.000894733 -0.00117635 -0.0132967 -0.0688144 -0.0467509 -0.0164596 
19.2914 
